<?xml version="1.0" encoding="UTF-8"?>
<testng-results skipped="0" failed="0" total="4" passed="4">
  <reporter-output>
  </reporter-output>
  <suite name="Suite" duration-ms="27" started-at="2020-10-05T12:28:01Z" finished-at="2020-10-05T12:28:01Z">
    <groups>
    </groups>
    <test name="Test" duration-ms="27" started-at="2020-10-05T12:28:01Z" finished-at="2020-10-05T12:28:01Z">
      <class name="com.NewMaven.NewMaven.A">
        <test-method status="PASS" signature="aTest()" name="aTest" duration-ms="13" started-at="2020-10-05T12:28:01Z" finished-at="2020-10-05T12:28:01Z">
        </test-method>
      </class>
    </test>
  </suite>
  <suite name="Suite" duration-ms="0" started-at="2020-10-05T12:28:10Z" finished-at="2020-10-05T12:28:10Z">
    <groups>
    </groups>
  </suite>
  <suite name="Suite" duration-ms="3" started-at="2020-10-05T12:28:01Z" finished-at="2020-10-05T12:28:01Z">
    <groups>
    </groups>
    <test name="Test" duration-ms="3" started-at="2020-10-05T12:28:01Z" finished-at="2020-10-05T12:28:01Z">
      <class name="com.NewMaven.NewMaven.B">
        <test-method status="PASS" signature="bTest()" name="bTest" duration-ms="1" started-at="2020-10-05T12:28:01Z" finished-at="2020-10-05T12:28:01Z">
        </test-method>
      </class>
    </test>
  </suite>
  <suite name="Suite" duration-ms="8823" started-at="2020-10-05T12:28:01Z" finished-at="2020-10-05T12:28:10Z">
    <groups>
    </groups>
    <test name="Test" duration-ms="8823" started-at="2020-10-05T12:28:01Z" finished-at="2020-10-05T12:28:10Z">
      <class name="com.NewMaven.NewMaven.CssSelectorNew">
        <test-method status="PASS" signature="cssSelect()" name="cssSelect" duration-ms="8820" started-at="2020-10-05T12:28:01Z" finished-at="2020-10-05T12:28:10Z">
        </test-method>
      </class>
    </test>
  </suite>
  <suite name="Suite" duration-ms="5" started-at="2020-10-05T12:28:01Z" finished-at="2020-10-05T12:28:01Z">
    <groups>
    </groups>
    <test name="Test" duration-ms="5" started-at="2020-10-05T12:28:01Z" finished-at="2020-10-05T12:28:01Z">
      <class name="com.NewMaven.NewMaven.C">
        <test-method status="PASS" signature="cTest()" name="cTest" duration-ms="2" started-at="2020-10-05T12:28:01Z" finished-at="2020-10-05T12:28:01Z">
        </test-method>
      </class>
    </test>
  </suite>
</testng-results>
